TN:
SF:/home/sb0103/workspace/sb/Task16_06_2016/client/app/module/todo/app.module.js
FN:5,(anonymous_1)
FNF:1
FNH:1
FNDA:1,(anonymous_1)
DA:5,1
DA:6,1
LF:2
LH:2
BRF:0
BRH:0
end_of_record
TN:
SF:/home/sb0103/workspace/sb/Task16_06_2016/client/app/module/todo/app.config.js
FN:9,(anonymous_1)
FNF:1
FNH:1
FNDA:13,(anonymous_1)
DA:5,1
DA:11,13
DA:44,13
DA:49,13
DA:53,13
DA:75,13
DA:97,13
DA:99,13
LF:8
LH:8
BRF:0
BRH:0
end_of_record
TN:
SF:/home/sb0103/workspace/sb/Task16_06_2016/client/app/module/todo/app.run.js
FNF:0
FNH:0
LF:0
LH:0
BRF:0
BRH:0
end_of_record
TN:
SF:/home/sb0103/workspace/sb/Task16_06_2016/client/app/module/todo/chart/chart.controller.js
FN:5,(anonymous_1)
FN:12,chartController
FN:31,(anonymous_3)
FN:46,(anonymous_4)
FNF:4
FNH:4
FNDA:1,(anonymous_1)
FNDA:2,chartController
FNDA:8,(anonymous_3)
FNDA:8,(anonymous_4)
DA:5,1
DA:6,1
DA:10,1
DA:12,1
DA:13,2
DA:15,2
DA:16,2
DA:24,2
DA:31,2
DA:32,8
DA:33,0
DA:35,8
DA:36,2
DA:38,6
DA:39,2
DA:42,4
DA:46,2
DA:47,8
DA:48,2
DA:50,6
DA:51,4
DA:53,2
DA:57,2
DA:58,2
DA:62,2
DA:63,2
LF:26
LH:25
BRDA:32,1,0,0
BRDA:32,1,1,8
BRDA:35,2,0,2
BRDA:35,2,1,6
BRDA:38,3,0,2
BRDA:38,3,1,4
BRDA:47,4,0,2
BRDA:47,4,1,6
BRDA:50,5,0,4
BRDA:50,5,1,2
BRF:10
BRH:9
end_of_record
TN:
SF:/home/sb0103/workspace/sb/Task16_06_2016/client/app/module/todo/comman/comman.controller.js
FN:2,(anonymous_1)
FN:8,commonController
FN:10,(anonymous_3)
FNF:3
FNH:3
FNDA:1,(anonymous_1)
FNDA:1,commonController
FNDA:1,(anonymous_3)
DA:2,1
DA:3,1
DA:6,1
DA:8,1
DA:10,1
DA:11,1
LF:6
LH:6
BRF:0
BRH:0
end_of_record
TN:
SF:/home/sb0103/workspace/sb/Task16_06_2016/client/app/module/todo/comman/comman.factory.js
FNF:0
FNH:0
LF:0
LH:0
BRF:0
BRH:0
end_of_record
TN:
SF:/home/sb0103/workspace/sb/Task16_06_2016/client/app/module/todo/dashboard/dashboard.controller.js
FN:5,(anonymous_1)
FN:12,dashboardController
FN:38,loadTasks
FN:39,(anonymous_4)
FN:45,addNewTask
FNF:5
FNH:4
FNDA:1,(anonymous_1)
FNDA:1,dashboardController
FNDA:1,loadTasks
FNDA:1,(anonymous_4)
FNDA:0,addNewTask
DA:5,1
DA:6,1
DA:10,1
DA:12,1
DA:13,1
DA:15,1
DA:16,1
DA:17,1
DA:20,1
DA:22,1
DA:23,1
DA:25,1
DA:32,1
DA:38,1
DA:39,1
DA:40,1
DA:41,1
DA:45,1
DA:46,0
LF:19
LH:18
BRF:0
BRH:0
end_of_record
TN:
SF:/home/sb0103/workspace/sb/Task16_06_2016/client/app/module/todo/dashboard/dashboard.directive.js
FN:5,(anonymous_1)
FN:11,dashboardDirective
FN:13,linker
FNF:3
FNH:2
FNDA:1,(anonymous_1)
FNDA:2,dashboardDirective
FNDA:0,linker
DA:5,1
DA:6,1
DA:9,1
DA:11,1
DA:13,1
DA:14,0
DA:15,0
DA:16,0
DA:17,0
DA:20,2
LF:10
LH:6
BRF:0
BRH:0
end_of_record
TN:
SF:/home/sb0103/workspace/sb/Task16_06_2016/client/app/module/todo/dashboard/dashboard.directive.singleTask.js
FN:5,(anonymous_1)
FN:8,(anonymous_2)
FN:9,link
FN:10,(anonymous_4)
FN:17,(anonymous_5)
FN:24,(anonymous_6)
FN:28,(anonymous_7)
FN:32,(anonymous_8)
FN:36,editTask
FN:43,(anonymous_10)
FN:87,ok
FN:106,cancel
FN:114,checkSelect
FN:121,(anonymous_14)
FN:126,ok
FN:137,cancel
FN:146,deleteTask
FN:153,(anonymous_18)
FN:159,ok
FN:172,cancel
FNF:20
FNH:1
FNDA:1,(anonymous_1)
FNDA:0,(anonymous_2)
FNDA:0,link
FNDA:0,(anonymous_4)
FNDA:0,(anonymous_5)
FNDA:0,(anonymous_6)
FNDA:0,(anonymous_7)
FNDA:0,(anonymous_8)
FNDA:0,editTask
FNDA:0,(anonymous_10)
FNDA:0,ok
FNDA:0,cancel
FNDA:0,checkSelect
FNDA:0,(anonymous_14)
FNDA:0,ok
FNDA:0,cancel
FNDA:0,deleteTask
FNDA:0,(anonymous_18)
FNDA:0,ok
FNDA:0,cancel
DA:5,1
DA:6,1
DA:9,1
DA:10,0
DA:11,0
DA:12,0
DA:13,0
DA:14,0
DA:17,0
DA:18,0
DA:19,0
DA:20,0
DA:21,0
DA:24,0
DA:25,0
DA:28,0
DA:29,0
DA:32,0
DA:33,0
DA:36,1
DA:37,0
DA:44,0
DA:46,0
DA:54,0
DA:62,0
DA:71,0
DA:72,0
DA:74,0
DA:75,0
DA:76,0
DA:77,0
DA:78,0
DA:79,0
DA:80,0
DA:84,0
DA:85,0
DA:87,1
DA:89,0
DA:90,0
DA:91,0
DA:92,0
DA:93,0
DA:94,0
DA:95,0
DA:96,0
DA:97,0
DA:100,0
DA:103,0
DA:106,1
DA:107,0
DA:114,1
DA:116,0
DA:122,0
DA:123,0
DA:124,0
DA:126,1
DA:127,0
DA:128,0
DA:129,0
DA:130,0
DA:133,0
DA:134,0
DA:137,1
DA:138,0
DA:146,1
DA:147,0
DA:155,0
DA:156,0
DA:157,0
DA:159,1
DA:160,0
DA:161,0
DA:162,0
DA:163,0
DA:164,0
DA:167,0
DA:169,0
DA:172,1
DA:173,0
DA:179,0
LF:80
LH:12
BRDA:72,1,0,0
BRDA:72,1,1,0
BRDA:90,2,0,0
BRDA:90,2,1,0
BRDA:128,3,0,0
BRDA:128,3,1,0
BRDA:162,4,0,0
BRDA:162,4,1,0
BRF:8
BRH:0
end_of_record
TN:
SF:/home/sb0103/workspace/sb/Task16_06_2016/client/app/module/todo/dashboard/dashboard.factory.js
FN:5,(anonymous_1)
FN:13,dashboardFactory
FN:21,filterAllTasks
FN:29,(anonymous_4)
FN:31,(anonymous_5)
FN:43,(anonymous_6)
FN:60,addNewTask
FN:65,UIModalController
FN:89,(anonymous_9)
FN:102,(anonymous_10)
FN:110,readTask
FN:113,(anonymous_12)
FN:117,(anonymous_13)
FNF:13
FNH:5
FNDA:1,(anonymous_1)
FNDA:7,dashboardFactory
FNDA:2,filterAllTasks
FNDA:0,(anonymous_4)
FNDA:0,(anonymous_5)
FNDA:0,(anonymous_6)
FNDA:0,addNewTask
FNDA:0,UIModalController
FNDA:0,(anonymous_9)
FNDA:0,(anonymous_10)
FNDA:2,readTask
FNDA:1,(anonymous_12)
FNDA:0,(anonymous_13)
DA:5,1
DA:6,1
DA:10,1
DA:13,1
DA:14,7
DA:15,7
DA:21,1
DA:23,2
DA:24,2
DA:25,2
DA:26,2
DA:29,2
DA:30,0
DA:31,0
DA:32,0
DA:33,0
DA:38,0
DA:39,0
DA:42,0
DA:43,0
DA:44,0
DA:45,0
DA:50,2
DA:51,2
DA:54,0
DA:57,2
DA:60,1
DA:61,0
DA:66,0
DA:74,0
DA:80,0
DA:89,0
DA:90,0
DA:98,0
DA:99,0
DA:102,0
DA:103,0
DA:110,1
DA:111,2
DA:112,2
DA:114,1
DA:115,1
DA:118,0
DA:120,2
LF:44
LH:22
BRDA:30,1,0,0
BRDA:30,1,1,0
BRDA:30,2,0,0
BRDA:30,2,1,0
BRDA:30,2,2,0
BRDA:32,3,0,0
BRDA:32,3,1,0
BRDA:38,4,0,0
BRDA:38,4,1,0
BRDA:38,5,0,0
BRDA:38,5,1,0
BRDA:38,5,2,0
BRDA:42,6,0,0
BRDA:42,6,1,0
BRDA:42,7,0,0
BRDA:42,7,1,0
BRDA:44,8,0,0
BRDA:44,8,1,0
BRDA:50,9,0,2
BRDA:50,9,1,0
BRDA:50,10,0,2
BRDA:50,10,1,0
BRF:22
BRH:2
end_of_record
TN:
SF:/home/sb0103/workspace/sb/Task16_06_2016/client/app/module/todo/dashboard/dashboard.filter.firstCapital.js
FN:5,(anonymous_1)
FN:8,(anonymous_2)
FN:9,(anonymous_3)
FNF:3
FNH:3
FNDA:1,(anonymous_1)
FNDA:1,(anonymous_2)
FNDA:2,(anonymous_3)
DA:5,1
DA:6,1
DA:9,1
DA:10,2
DA:11,2
DA:12,2
LF:6
LH:6
BRDA:10,1,0,2
BRDA:10,1,1,0
BRF:2
BRH:1
end_of_record
TN:
SF:/home/sb0103/workspace/sb/Task16_06_2016/client/app/module/todo/dashboard/filterDirective.js
FN:5,(anonymous_1)
FN:11,filterDirective
FN:13,linkerFilter
FN:20,(anonymous_4)
FNF:4
FNH:3
FNDA:1,(anonymous_1)
FNDA:4,filterDirective
FNDA:5,linkerFilter
FNDA:0,(anonymous_4)
DA:5,1
DA:6,1
DA:9,1
DA:11,1
DA:13,1
DA:15,5
DA:20,5
DA:22,0
DA:24,4
LF:9
LH:8
BRF:0
BRH:0
end_of_record
